<?xml version="1.0" encoding="UTF-8"?>
<!-- Generated by org.testng.reporters.JUnitReportReporter -->
<testsuite skipped="0" hostname="LAPTOP-P5JGMC5T" name="com.study.RegisterTest" tests="1" failures="0" timestamp="2022-07-23T18:04:15 CST" time="3.481" errors="0">
  <testcase name="register" time="3.481" classname="com.study.RegisterTest"/>
</testsuite> <!-- com.study.RegisterTest -->
